<?xml version="1.0" encoding="UTF-8"?>
<!-- Generated by org.testng.reporters.JUnitReportReporter -->
<testsuite skipped="0" hostname="anaumenko" name="com.tklender.java.tkTestUserPage" tests="3" failures="0" timestamp="14 мар 2017 11:57:32 GMT" time="20.110" errors="0">
  <testcase name="testCreateUser" time="7.964" classname="com.tklender.java.tkTestUserPage"/>
  <testcase name="testEditUser" time="6.244" classname="com.tklender.java.tkTestUserPage"/>
  <testcase name="testDeleteUser" time="5.902" classname="com.tklender.java.tkTestUserPage"/>
</testsuite> <!-- com.tklender.java.tkTestUserPage -->
