<?xml version="1.0" encoding="UTF-8"?>
<!-- Generated by org.testng.reporters.JUnitReportReporter -->
<testsuite skipped="0" hostname="anaumenko" name="com.tklender.test.tkTestApplicationForm" tests="1" failures="0" timestamp="15 мая 2017 12:31:33 GMT" time="0.027" errors="0">
  <testcase name="testCreateApp" time="0.027" classname="com.tklender.test.tkTestApplicationForm"/>
</testsuite> <!-- com.tklender.test.tkTestApplicationForm -->
