<?xml version="1.0" encoding="UTF-8"?>
<!-- Generated by org.testng.reporters.JUnitReportReporter -->
<testsuite skipped="0" hostname="anaumenko" name="com.tklender.test.tkTestUserPage" tests="3" failures="0" timestamp="05 июл 2017 15:14:19 GMT" time="30.417" errors="0">
  <testcase name="testCreateUser" time="17.023" classname="com.tklender.test.tkTestUserPage"/>
  <testcase name="testEditUser" time="6.691" classname="com.tklender.test.tkTestUserPage"/>
  <testcase name="testDeleteUser" time="6.703" classname="com.tklender.test.tkTestUserPage"/>
</testsuite> <!-- com.tklender.test.tkTestUserPage -->
