<?xml version="1.0" encoding="UTF-8"?>
<!-- Generated by org.testng.reporters.JUnitReportReporter -->
<testsuite skipped="0" hostname="anaumenko" name="com.tklender.java.tklTestPage" tests="1" failures="0" timestamp="14 мар 2017 11:57:32 GMT" time="11.261" errors="0">
  <testcase name="correctlogin" time="11.261" classname="com.tklender.java.tklTestPage"/>
</testsuite> <!-- com.tklender.java.tklTestPage -->
