<?xml version="1.0" encoding="UTF-8"?>
<!-- Generated by org.testng.reporters.JUnitReportReporter -->
<testsuite skipped="0" hostname="anaumenko" name="com.tklender.test.tklTestCreateCreditProduct" tests="1" failures="0" timestamp="05 июл 2017 15:14:19 GMT" time="17.255" errors="0">
  <testcase name="tklTestCreateCreditProduct" time="17.255" classname="com.tklender.test.tklTestCreateCreditProduct"/>
</testsuite> <!-- com.tklender.test.tklTestCreateCreditProduct -->
