<?xml version="1.0" encoding="UTF-8"?>
<!-- Generated by org.testng.reporters.JUnitReportReporter -->
<testsuite skipped="0" hostname="anaumenko" name="com.tklender.test.tkTestUserPage" tests="3" failures="0" timestamp="16 мар 2017 12:51:26 GMT" time="29.694" errors="0">
  <testcase name="testCreateUser" time="13.412" classname="com.tklender.test.tkTestUserPage"/>
  <testcase name="testEditUser" time="8.199" classname="com.tklender.test.tkTestUserPage"/>
  <testcase name="testDeleteUser" time="8.083" classname="com.tklender.test.tkTestUserPage"/>
</testsuite> <!-- com.tklender.test.tkTestUserPage -->
