<?xml version="1.0" encoding="UTF-8"?>
<!-- Generated by org.testng.reporters.JUnitReportReporter -->
<<<<<<< origin
<testsuite skipped="0" hostname="anaumenko" name="com.tklender.test.tkTestUserPage" tests="1" failures="0" timestamp="20 мар 2017 12:12:31 GMT" time="11.730" errors="0">
  <testcase name="testCreateUser" time="11.730" classname="com.tklender.test.tkTestUserPage"/>
=======
<testsuite skipped="1" hostname="anaumenko" name="com.tklender.test.tkTestUserPage" tests="3" failures="0" timestamp="07 июл 2017 15:52:31 GMT" time="31.423" errors="0">
  <testcase name="testCreateUser" time="20.445" classname="com.tklender.test.tkTestUserPage"/>
  <testcase name="testDeleteUser" time="10.978" classname="com.tklender.test.tkTestUserPage"/>
  <testcase name="testEditUser" classname="com.tklender.test.tkTestUserPage">
    <skipped/>
  </testcase> <!-- testEditUser -->
>>>>>>> local
</testsuite> <!-- com.tklender.test.tkTestUserPage -->
