<?xml version="1.0" encoding="UTF-8"?>
<!-- Generated by org.testng.reporters.JUnitReportReporter -->
<testsuite skipped="0" hostname="anaumenko" name="com.tklender.test.tkTestUserPage" tests="1" failures="0" timestamp="20 мар 2017 12:12:31 GMT" time="11.730" errors="0">
  <testcase name="testCreateUser" time="11.730" classname="com.tklender.test.tkTestUserPage"/>
</testsuite> <!-- com.tklender.test.tkTestUserPage -->
